[NotebookApp | WARNING] No nbgrader_config.py file found (rerun with --debug to see where nbgrader is looking)
[NotebookApp | INFO] Loading the validate_assignment nbgrader serverextension
[NotebookApp | INFO] Serving notebooks from local directory: /Users/ashley/Documents/NeuralDataScience/content
[NotebookApp | INFO] The Jupyter Notebook is running at:
[NotebookApp | INFO] http://localhost:8888/?token=c0772e1dbf49115751737683c4978ff03cd33fe6bd617f0b
[NotebookApp | INFO] Use Control-C to stop this server and shut down all kernels (twice to skip confirmation).
[NotebookApp | CRITICAL] 
    
    To access the notebook, open this file in a browser:
        file:///Users/ashley/Library/Jupyter/runtime/nbserver-13521-open.html
    Or copy and paste one of these URLs:
        http://localhost:8888/?token=c0772e1dbf49115751737683c4978ff03cd33fe6bd617f0b
[NotebookApp | WARNING] Notebook /textmining/NeuropixelsImporting.ipynb is not trusted
[NotebookApp | INFO] Kernel started: 8fe40237-6182-4fea-b65d-e42a9bbe1e85
[NotebookApp | WARNING] Notebook textmining/NeuropixelsImporting.ipynb is not trusted
[NotebookApp | INFO] Saving file at /textmining/LISC.ipynb
[NotebookApp | INFO] Saving LISC.ipynb
[NotebookApp | INFO] Starting buffering for 8fe40237-6182-4fea-b65d-e42a9bbe1e85:2547aa6fe90344c1b8cb7465728545c3
[NotebookApp | INFO] Kernel started: a026fd77-3448-44b5-a5a3-77b7f6f9d088
[NotebookApp | INFO] Saving file at /textmining/Hippocampome.ipynb
[NotebookApp | INFO] Saving Hippocampome.ipynb
[NotebookApp | INFO] Starting buffering for a026fd77-3448-44b5-a5a3-77b7f6f9d088:f1ebf5ed49ac44ab812d0c592079a0ae
[NotebookApp | INFO] Kernel started: fe1c2c14-d912-4c8c-b73a-a41366203316
[NotebookApp | INFO] Saving file at /textmining/Neuroelectro.ipynb
[NotebookApp | INFO] Saving Neuroelectro.ipynb
[NotebookApp | INFO] Starting buffering for fe1c2c14-d912-4c8c-b73a-a41366203316:c317a5706b0e45b4bfbff5e7adcd7fc8
[NotebookApp | INFO] Kernel started: 0556c56c-887a-44c2-b771-40cbe7e5b90f
[NotebookApp | INFO] Saving file at /ISH/ISH_api.ipynb
[NotebookApp | INFO] Saving ISH_api.ipynb
[NotebookApp | INFO] Saving file at /ISH/ISH_api.ipynb
[NotebookApp | INFO] Saving ISH_api.ipynb
[NotebookApp | INFO] Saving file at /ISH/ISH_api.ipynb
[NotebookApp | INFO] Saving ISH_api.ipynb
[NotebookApp | INFO] Saving file at /ISH/ISH_api.ipynb
[NotebookApp | INFO] Saving ISH_api.ipynb
[NotebookApp | INFO] Saving file at /ISH/ISH_api.ipynb
[NotebookApp | INFO] Saving ISH_api.ipynb
[NotebookApp | INFO] Saving file at /ISH/ISH_api.ipynb
[NotebookApp | INFO] Saving ISH_api.ipynb
[NotebookApp | INFO] Saving file at /ISH/ISH_api.ipynb
[NotebookApp | INFO] Saving ISH_api.ipynb
[NotebookApp | INFO] Saving file at /ISH/ISH_api.ipynb
[NotebookApp | INFO] Saving ISH_api.ipynb
[NotebookApp | INFO] Saving file at /ISH/ISH_api.ipynb
[NotebookApp | INFO] Saving ISH_api.ipynb
[NotebookApp | INFO] Saving file at /ISH/ISH_api.ipynb
[NotebookApp | INFO] Saving ISH_api.ipynb
[NotebookApp | INFO] Saving file at /ISH/ISH_api.ipynb
[NotebookApp | INFO] Saving ISH_api.ipynb
